<?xml version="1.0" encoding="UTF-8"?>
<coverage generated="1608767754514" clover="3.2.0">
  <project timestamp="1608767754514" name="All files">
    <metrics statements="31" coveredstatements="24" conditionals="2" coveredconditionals="2" methods="7" coveredmethods="3" elements="40" coveredelements="29" complexity="0" loc="31" ncloc="31" packages="3" files="3" classes="3"/>
    <package name="apps">
      <metrics statements="3" coveredstatements="3" conditionals="0" coveredconditionals="0" methods="1" coveredmethods="1"/>
      <file name="logger.js" path="/Users/Rhead/Documents/Projects/cf-projects/Code 401/git-hub-repos/caps/apps/logger.js">
        <metrics statements="3" coveredstatements="3" conditionals="0" coveredconditionals="0" methods="1" coveredmethods="1"/>
        <line num="4" count="1" type="stmt"/>
        <line num="5" count="1" type="stmt"/>
        <line num="8" count="1" type="stmt"/>
      </file>
    </package>
    <package name="apps.drivers">
      <metrics statements="11" coveredstatements="7" conditionals="0" coveredconditionals="0" methods="3" coveredmethods="1"/>
      <file name="driver.js" path="/Users/Rhead/Documents/Projects/cf-projects/Code 401/git-hub-repos/caps/apps/drivers/driver.js">
        <metrics statements="11" coveredstatements="7" conditionals="0" coveredconditionals="0" methods="3" coveredmethods="1"/>
        <line num="5" count="1" type="stmt"/>
        <line num="6" count="1" type="stmt"/>
        <line num="8" count="1" type="stmt"/>
        <line num="11" count="1" type="stmt"/>
        <line num="15" count="2" type="stmt"/>
        <line num="16" count="0" type="stmt"/>
        <line num="19" count="0" type="stmt"/>
        <line num="23" count="2" type="stmt"/>
        <line num="24" count="0" type="stmt"/>
        <line num="26" count="0" type="stmt"/>
        <line num="30" count="1" type="stmt"/>
      </file>
    </package>
    <package name="apps.vendors">
      <metrics statements="17" coveredstatements="14" conditionals="2" coveredconditionals="2" methods="3" coveredmethods="1"/>
      <file name="vendor.js" path="/Users/Rhead/Documents/Projects/cf-projects/Code 401/git-hub-repos/caps/apps/vendors/vendor.js">
        <metrics statements="17" coveredstatements="14" conditionals="2" coveredconditionals="2" methods="3" coveredmethods="1"/>
        <line num="3" count="1" type="stmt"/>
        <line num="5" count="1" type="stmt"/>
        <line num="6" count="1" type="stmt"/>
        <line num="8" count="1" type="stmt"/>
        <line num="12" count="1" type="stmt"/>
        <line num="15" count="1" type="cond" truecount="2" falsecount="0"/>
        <line num="17" count="1" type="stmt"/>
        <line num="19" count="1" type="stmt"/>
        <line num="20" count="0" type="stmt"/>
        <line num="26" count="0" type="stmt"/>
        <line num="30" count="1" type="stmt"/>
        <line num="32" count="1" type="stmt"/>
        <line num="33" count="0" type="stmt"/>
        <line num="37" count="1" type="stmt"/>
        <line num="38" count="1" type="stmt"/>
        <line num="42" count="1" type="stmt"/>
        <line num="44" count="1" type="stmt"/>
      </file>
    </package>
  </project>
</coverage>
