{"/Users/Rhead/Documents/Projects/cf-projects/Code 401/git-hub-repos/caps/events.js": {"path":"/Users/Rhead/Documents/Projects/cf-projects/Code 401/git-hub-repos/caps/events.js","statementMap":{"0":{"start":{"line":5,"column":15},"end":{"line":5,"column":32}},"1":{"start":{"line":7,"column":15},"end":{"line":7,"column":27}},"2":{"start":{"line":9,"column":0},"end":{"line":9,"column":24}}},"fnMap":{},"branchMap":{},"s":{"0":1,"1":1,"2":1},"f":{},"b":{},"_coverageSchema":"1a1c01bbd47fc00a2c39e90264f33305004495a9","hash":"e9b86ea1452de65975ca0402d964295a342677e0"}
,"/Users/Rhead/Documents/Projects/cf-projects/Code 401/git-hub-repos/caps/modules/vendor.js": {"path":"/Users/Rhead/Documents/Projects/cf-projects/Code 401/git-hub-repos/caps/modules/vendor.js","statementMap":{"0":{"start":{"line":3,"column":0},"end":{"line":3,"column":27}},"1":{"start":{"line":4,"column":15},"end":{"line":4,"column":35}},"2":{"start":{"line":5,"column":14},"end":{"line":5,"column":30}},"3":{"start":{"line":8,"column":14},"end":{"line":8,"column":31}},"4":{"start":{"line":13,"column":0},"end":{"line":21,"column":9}},"5":{"start":{"line":14,"column":14},"end":{"line":19,"column":3}},"6":{"start":{"line":20,"column":2},"end":{"line":20,"column":39}},"7":{"start":{"line":24,"column":17},"end":{"line":26,"column":1}},"8":{"start":{"line":25,"column":2},"end":{"line":25,"column":79}},"9":{"start":{"line":29,"column":0},"end":{"line":29,"column":41}},"10":{"start":{"line":31,"column":0},"end":{"line":31,"column":33}}},"fnMap":{"0":{"name":"(anonymous_0)","decl":{"start":{"line":13,"column":12},"end":{"line":13,"column":13}},"loc":{"start":{"line":13,"column":18},"end":{"line":21,"column":1}},"line":13},"1":{"name":"(anonymous_1)","decl":{"start":{"line":24,"column":17},"end":{"line":24,"column":18}},"loc":{"start":{"line":24,"column":30},"end":{"line":26,"column":1}},"line":24}},"branchMap":{},"s":{"0":1,"1":1,"2":1,"3":1,"4":1,"5":0,"6":0,"7":1,"8":1,"9":1,"10":1},"f":{"0":0,"1":1},"b":{},"_coverageSchema":"1a1c01bbd47fc00a2c39e90264f33305004495a9","hash":"d3fb6370212c369f3d7f58e1957196f0633fb95b"}
}
