{"/Users/Rhead/Documents/Projects/cf-projects/Code 401/git-hub-repos/caps/apps/logger.js": {"path":"/Users/Rhead/Documents/Projects/cf-projects/Code 401/git-hub-repos/caps/apps/logger.js","statementMap":{"0":{"start":{"line":4,"column":15},"end":{"line":4,"column":36}},"1":{"start":{"line":5,"column":2},"end":{"line":5,"column":49}},"2":{"start":{"line":8,"column":0},"end":{"line":8,"column":26}}},"fnMap":{"0":{"name":"logEvent","decl":{"start":{"line":3,"column":9},"end":{"line":3,"column":17}},"loc":{"start":{"line":3,"column":34},"end":{"line":6,"column":1}},"line":3}},"branchMap":{},"s":{"0":1,"1":1,"2":1},"f":{"0":1},"b":{},"_coverageSchema":"1a1c01bbd47fc00a2c39e90264f33305004495a9","hash":"c68705ec66cd0ac75c6a45a24e39e94649c4733f"}
,"/Users/Rhead/Documents/Projects/cf-projects/Code 401/git-hub-repos/caps/apps/drivers/driver.js": {"path":"/Users/Rhead/Documents/Projects/cf-projects/Code 401/git-hub-repos/caps/apps/drivers/driver.js","statementMap":{"0":{"start":{"line":5,"column":11},"end":{"line":5,"column":38}},"1":{"start":{"line":6,"column":19},"end":{"line":6,"column":69}},"2":{"start":{"line":8,"column":0},"end":{"line":8,"column":47}},"3":{"start":{"line":11,"column":0},"end":{"line":11,"column":38}},"4":{"start":{"line":15,"column":2},"end":{"line":20,"column":11}},"5":{"start":{"line":16,"column":4},"end":{"line":16,"column":67}},"6":{"start":{"line":19,"column":4},"end":{"line":19,"column":43}},"7":{"start":{"line":23,"column":2},"end":{"line":27,"column":11}},"8":{"start":{"line":24,"column":4},"end":{"line":24,"column":66}},"9":{"start":{"line":26,"column":4},"end":{"line":26,"column":42}},"10":{"start":{"line":30,"column":0},"end":{"line":30,"column":30}}},"fnMap":{"0":{"name":"confirmation","decl":{"start":{"line":14,"column":9},"end":{"line":14,"column":21}},"loc":{"start":{"line":14,"column":30},"end":{"line":28,"column":1}},"line":14},"1":{"name":"(anonymous_1)","decl":{"start":{"line":15,"column":13},"end":{"line":15,"column":14}},"loc":{"start":{"line":15,"column":19},"end":{"line":20,"column":3}},"line":15},"2":{"name":"(anonymous_2)","decl":{"start":{"line":23,"column":13},"end":{"line":23,"column":14}},"loc":{"start":{"line":23,"column":19},"end":{"line":27,"column":3}},"line":23}},"branchMap":{},"s":{"0":1,"1":1,"2":1,"3":1,"4":2,"5":0,"6":0,"7":2,"8":0,"9":0,"10":1},"f":{"0":2,"1":0,"2":0},"b":{},"_coverageSchema":"1a1c01bbd47fc00a2c39e90264f33305004495a9","hash":"ba3a680c7d2a2200af29fe1c39438bcbe6d93ebd"}
,"/Users/Rhead/Documents/Projects/cf-projects/Code 401/git-hub-repos/caps/apps/vendors/vendor.js": {"path":"/Users/Rhead/Documents/Projects/cf-projects/Code 401/git-hub-repos/caps/apps/vendors/vendor.js","statementMap":{"0":{"start":{"line":3,"column":0},"end":{"line":3,"column":27}},"1":{"start":{"line":5,"column":11},"end":{"line":5,"column":38}},"2":{"start":{"line":6,"column":14},"end":{"line":6,"column":30}},"3":{"start":{"line":8,"column":19},"end":{"line":8,"column":69}},"4":{"start":{"line":12,"column":0},"end":{"line":12,"column":47}},"5":{"start":{"line":15,"column":14},"end":{"line":15,"column":58}},"6":{"start":{"line":17,"column":0},"end":{"line":17,"column":31}},"7":{"start":{"line":19,"column":0},"end":{"line":27,"column":9}},"8":{"start":{"line":20,"column":14},"end":{"line":25,"column":3}},"9":{"start":{"line":26,"column":2},"end":{"line":26,"column":35}},"10":{"start":{"line":30,"column":0},"end":{"line":30,"column":31}},"11":{"start":{"line":32,"column":0},"end":{"line":34,"column":2}},"12":{"start":{"line":33,"column":2},"end":{"line":33,"column":82}},"13":{"start":{"line":37,"column":17},"end":{"line":39,"column":1}},"14":{"start":{"line":38,"column":2},"end":{"line":38,"column":79}},"15":{"start":{"line":42,"column":0},"end":{"line":42,"column":45}},"16":{"start":{"line":44,"column":0},"end":{"line":44,"column":26}}},"fnMap":{"0":{"name":"(anonymous_0)","decl":{"start":{"line":19,"column":12},"end":{"line":19,"column":13}},"loc":{"start":{"line":19,"column":18},"end":{"line":27,"column":1}},"line":19},"1":{"name":"(anonymous_1)","decl":{"start":{"line":32,"column":28},"end":{"line":32,"column":29}},"loc":{"start":{"line":32,"column":41},"end":{"line":34,"column":1}},"line":32},"2":{"name":"(anonymous_2)","decl":{"start":{"line":37,"column":17},"end":{"line":37,"column":18}},"loc":{"start":{"line":37,"column":30},"end":{"line":39,"column":1}},"line":37}},"branchMap":{"0":{"loc":{"start":{"line":15,"column":14},"end":{"line":15,"column":58}},"type":"binary-expr","locations":[{"start":{"line":15,"column":14},"end":{"line":15,"column":31}},{"start":{"line":15,"column":35},"end":{"line":15,"column":58}}],"line":15}},"s":{"0":1,"1":1,"2":1,"3":1,"4":1,"5":1,"6":1,"7":1,"8":0,"9":0,"10":1,"11":1,"12":0,"13":1,"14":1,"15":1,"16":1},"f":{"0":0,"1":0,"2":1},"b":{"0":[1,1]},"_coverageSchema":"1a1c01bbd47fc00a2c39e90264f33305004495a9","hash":"342803401b045d9a1e3880867ec371610a66327c"}
}
