TN:
SF:apps/drivers/driver.js
FN:14,confirmation
FN:15,(anonymous_1)
FN:23,(anonymous_2)
FNF:3
FNH:1
FNDA:2,confirmation
FNDA:0,(anonymous_1)
FNDA:0,(anonymous_2)
DA:5,1
DA:6,1
DA:7,1
DA:8,1
DA:11,1
DA:15,2
DA:16,0
DA:19,0
DA:23,2
DA:24,0
DA:26,0
DA:30,1
LF:12
LH:8
BRF:0
BRH:0
end_of_record
TN:
SF:apps/vendors/vendor.js
FN:18,(anonymous_0)
FN:35,(anonymous_1)
FNF:2
FNH:1
FNDA:0,(anonymous_0)
FNDA:1,(anonymous_1)
DA:3,1
DA:5,1
DA:6,1
DA:8,1
DA:9,1
DA:10,1
DA:11,1
DA:14,1
DA:16,1
DA:18,1
DA:19,0
DA:25,0
DA:35,1
DA:36,1
DA:40,1
DA:42,1
LF:16
LH:14
BRF:0
BRH:0
end_of_record
