TN:
SF:caps.js
FN:12,(anonymous_0)
FN:17,(anonymous_1)
FN:21,(anonymous_2)
FNF:3
FNH:3
FNDA:1,(anonymous_0)
FNDA:1,(anonymous_1)
FNDA:1,(anonymous_2)
DA:7,2
DA:9,2
DA:10,2
DA:12,2
DA:13,1
DA:14,1
DA:17,2
DA:18,1
DA:21,2
DA:22,1
DA:23,1
DA:24,1
LF:12
LH:12
BRF:0
BRH:0
end_of_record
TN:
SF:events.js
FNF:0
FNH:0
DA:5,3
DA:7,3
DA:9,3
LF:3
LH:3
BRF:0
BRH:0
end_of_record
TN:
SF:modules/driver.js
FN:6,(anonymous_0)
FN:7,(anonymous_1)
FN:15,(anonymous_2)
FNF:3
FNH:1
FNDA:3,(anonymous_0)
FNDA:0,(anonymous_1)
FNDA:0,(anonymous_2)
DA:3,2
DA:6,2
DA:7,3
DA:8,0
DA:11,0
DA:15,3
DA:16,0
DA:18,0
DA:23,2
DA:25,2
LF:10
LH:6
BRF:0
BRH:0
end_of_record
TN:
SF:modules/vendor.js
FN:13,(anonymous_0)
FN:24,(anonymous_1)
FNF:2
FNH:1
FNDA:0,(anonymous_0)
FNDA:2,(anonymous_1)
DA:3,3
DA:4,3
DA:5,3
DA:8,3
DA:13,3
DA:14,0
DA:20,0
DA:24,3
DA:25,2
DA:29,3
DA:31,3
LF:11
LH:9
BRF:0
BRH:0
end_of_record
